2020-06-25T06:51:30.153Z INFO @wdio/local-runner: Run worker command: run
2020-06-25T06:51:30.295Z INFO webdriverio: Initiate new session using the ./protocol-stub protocol
2020-06-25T06:51:31.303Z WARN @wdio/mocha-framework: Unable to load spec files quite likely because they rely on `browser` object that is not fully initialised.
`browser` object has only `capabilities` and some flags like `isMobile`.
Helper files that use other `browser` commands have to be moved to `before` hook.
Spec file(s): C:\Users\sayali.bankar\Documents\WebdriverIOReusableFramwork-master\WebdriverIOReusableFramwork-master\test\specs\contactUsTest.js
 Error:  Error: ENOENT: no such file or directory, open 'D:\WebdriverResuableComponents-06-11-2020\WebdriverResuableComponents-06-11-2020\WebdriverResuableComponents\TestData\Myspreadsheet_v1.xlsx'
    at Object.openSync (fs.js:458:3)
    at Object.readFileSync (fs.js:360:35)
    at read_binary (C:\Users\sayali.bankar\Documents\WebdriverIOReusableFramwork-master\WebdriverIOReusableFramwork-master\node_modules\xlsx\xlsx.js:2631:44)
    at readSync (C:\Users\sayali.bankar\Documents\WebdriverIOReusableFramwork-master\WebdriverIOReusableFramwork-master\node_modules\xlsx\xlsx.js:20797:69)
    at Object.readFile [as readFileSync] (C:\Users\sayali.bankar\Documents\WebdriverIOReusableFramwork-master\WebdriverIOReusableFramwork-master\node_modules\xlsx\xlsx.js:20825:9)
    at DataReaderPage.processExcel (C:\Users\sayali.bankar\Documents\WebdriverIOReusableFramwork-master\WebdriverIOReusableFramwork-master\Wrappers\/DataReader.js:7:27)
    at Object.<anonymous> (C:\Users\sayali.bankar\Documents\WebdriverIOReusableFramwork-master\WebdriverIOReusableFramwork-master\test\specs\/contactUsTest.js:5:30)
    at Module._compile (internal/modules/cjs/loader.js:1138:30)
    at Module._compile (C:\Users\sayali.bankar\Documents\WebdriverIOReusableFramwork-master\WebdriverIOReusableFramwork-master\node_modules\pirates\lib\index.js:99:24)
    at Module._extensions..js (internal/modules/cjs/loader.js:1158:10)
2020-06-25T06:51:31.559Z INFO webdriverio: Initiate new session using the webdriver protocol
2020-06-25T06:51:31.560Z INFO webdriver: [POST] http://localhost:4444/wd/hub/session
2020-06-25T06:51:31.560Z INFO webdriver: DATA {
  capabilities: { alwaysMatch: { browserName: 'firefox' }, firstMatch: [ {} ] },
  desiredCapabilities: { browserName: 'firefox' }
}
2020-06-25T06:51:37.113Z INFO webdriver: COMMAND setWindowRect(null, null, 1800, 1200)
2020-06-25T06:51:37.113Z INFO webdriver: [POST] http://localhost:4444/wd/hub/session/6676aa18-5b10-49cd-ad09-0e13907119ea/window/rect
2020-06-25T06:51:37.113Z INFO webdriver: DATA { x: null, y: null, width: 1800, height: 1200 }
2020-06-25T06:51:37.135Z INFO webdriver: RESULT { x: 4, y: 4, width: 1800, height: 1200 }
2020-06-25T06:51:37.244Z ERROR @wdio/runner: Error: ENOENT: no such file or directory, open 'D:\WebdriverResuableComponents-06-11-2020\WebdriverResuableComponents-06-11-2020\WebdriverResuableComponents\TestData\Myspreadsheet_v1.xlsx'
    at Object.openSync (fs.js:458:3)
    at Object.readFileSync (fs.js:360:35)
    at read_binary (C:\Users\sayali.bankar\Documents\WebdriverIOReusableFramwork-master\WebdriverIOReusableFramwork-master\node_modules\xlsx\xlsx.js:2631:44)
    at readSync (C:\Users\sayali.bankar\Documents\WebdriverIOReusableFramwork-master\WebdriverIOReusableFramwork-master\node_modules\xlsx\xlsx.js:20797:69)
    at Object.readFile [as readFileSync] (C:\Users\sayali.bankar\Documents\WebdriverIOReusableFramwork-master\WebdriverIOReusableFramwork-master\node_modules\xlsx\xlsx.js:20825:9)
    at DataReaderPage.processExcel (C:\Users\sayali.bankar\Documents\WebdriverIOReusableFramwork-master\WebdriverIOReusableFramwork-master\Wrappers\/DataReader.js:7:27)
    at Object.<anonymous> (C:\Users\sayali.bankar\Documents\WebdriverIOReusableFramwork-master\WebdriverIOReusableFramwork-master\test\specs\/contactUsTest.js:5:30)
    at Module._compile (internal/modules/cjs/loader.js:1138:30)
    at Module._compile (C:\Users\sayali.bankar\Documents\WebdriverIOReusableFramwork-master\WebdriverIOReusableFramwork-master\node_modules\pirates\lib\index.js:99:24)
    at Module._extensions..js (internal/modules/cjs/loader.js:1158:10)
2020-06-25T06:51:37.245Z INFO webdriver: COMMAND deleteSession()
2020-06-25T06:51:37.245Z INFO webdriver: [DELETE] http://localhost:4444/wd/hub/session/6676aa18-5b10-49cd-ad09-0e13907119ea
