2020-06-25T06:50:48.648Z INFO @wdio/local-runner: Run worker command: run
2020-06-25T06:50:48.924Z INFO webdriverio: Initiate new session using the ./protocol-stub protocol
2020-06-25T06:50:51.200Z INFO webdriverio: Initiate new session using the webdriver protocol
2020-06-25T06:50:51.202Z INFO webdriver: [POST] http://localhost:4444/wd/hub/session
2020-06-25T06:50:51.202Z INFO webdriver: DATA {
  capabilities: { alwaysMatch: { browserName: 'chrome' }, firstMatch: [ {} ] },
  desiredCapabilities: { browserName: 'chrome' }
}
2020-06-25T06:50:58.321Z INFO webdriver: COMMAND _setWindowSize(1800, 1200)
2020-06-25T06:50:58.322Z INFO webdriver: [POST] http://localhost:4444/wd/hub/session/294fbf1ea3f7b36d499d9e428c04ab63/window/current/size
2020-06-25T06:50:58.322Z INFO webdriver: DATA { width: 1800, height: 1200 }
2020-06-25T06:51:02.898Z INFO webdriver: COMMAND navigateTo("https://webdriver.io/")
2020-06-25T06:51:02.898Z INFO webdriver: [POST] http://localhost:4444/wd/hub/session/294fbf1ea3f7b36d499d9e428c04ab63/url
2020-06-25T06:51:02.898Z INFO webdriver: DATA { url: 'https://webdriver.io/' }
2020-06-25T06:51:12.884Z INFO webdriver: COMMAND takeScreenshot()
2020-06-25T06:51:12.885Z INFO webdriver: [GET] http://localhost:4444/wd/hub/session/294fbf1ea3f7b36d499d9e428c04ab63/screenshot
2020-06-25T06:51:12.891Z INFO webdriver: COMMAND getTitle()
2020-06-25T06:51:12.891Z INFO webdriver: [GET] http://localhost:4444/wd/hub/session/294fbf1ea3f7b36d499d9e428c04ab63/title
2020-06-25T06:51:13.315Z INFO webdriver: RESULT WebdriverIO · Next-gen browser and mobile automation test framework for Node.js
2020-06-25T06:51:13.324Z INFO webdriver: RESULT iVBORw0KGgoAAAANSUhEUgAABVoAAAKQCAYAAABuE8G7AAAAAXNSR0IArs4c6...
2020-06-25T06:51:13.347Z INFO webdriver: COMMAND getLogTypes()
2020-06-25T06:51:13.347Z INFO webdriver: [GET] http://localhost:4444/wd/hub/session/294fbf1ea3f7b36d499d9e428c04ab63/se/log/types
2020-06-25T06:51:13.361Z WARN webdriver: Request failed with status 404 due to unknown command: session/294fbf1ea3f7b36d499d9e428c04ab63/se/log/types
2020-06-25T06:51:13.361Z INFO webdriver: Retrying 1/3
2020-06-25T06:51:13.361Z INFO webdriver: [GET] http://localhost:4444/wd/hub/session/294fbf1ea3f7b36d499d9e428c04ab63/se/log/types
2020-06-25T06:51:13.368Z WARN webdriver: Request failed with status 404 due to unknown command: session/294fbf1ea3f7b36d499d9e428c04ab63/se/log/types
2020-06-25T06:51:13.368Z INFO webdriver: Retrying 2/3
2020-06-25T06:51:13.368Z INFO webdriver: [GET] http://localhost:4444/wd/hub/session/294fbf1ea3f7b36d499d9e428c04ab63/se/log/types
2020-06-25T06:51:13.375Z WARN webdriver: Request failed with status 404 due to unknown command: session/294fbf1ea3f7b36d499d9e428c04ab63/se/log/types
2020-06-25T06:51:13.375Z INFO webdriver: Retrying 3/3
2020-06-25T06:51:13.375Z INFO webdriver: [GET] http://localhost:4444/wd/hub/session/294fbf1ea3f7b36d499d9e428c04ab63/se/log/types
2020-06-25T06:51:13.381Z ERROR webdriver: Request failed with status 404 due to Error: unknown command: session/294fbf1ea3f7b36d499d9e428c04ab63/se/log/types
2020-06-25T06:51:13.386Z INFO webdriver: COMMAND deleteSession()
2020-06-25T06:51:13.386Z INFO webdriver: [DELETE] http://localhost:4444/wd/hub/session/294fbf1ea3f7b36d499d9e428c04ab63
